apk/app/build/intermediates/manifest_merge_blame_file/debug/manifest-merger-blame-debug-report.txt
1<?xml version="1.0" encoding="utf-8"?>
2<manifest xmlns:android="http://schemas.android.com/apk/res/android"
3    package="com.iceflow.roclicktaq"
4    android:versionCode="1"
5    android:versionName="1.0" >
6
7    <uses-sdk
8        android:minSdkVersion="24"
9        android:targetSdkVersion="34" />
10
11    <uses-permission android:name="android.permission.MANAGE_EXTERNAL_STORAGE" />
11-->src\main\AndroidManifest.xml:4:5-82
11-->src\main\AndroidManifest.xml:4:22-79
12    <uses-permission android:name="android.permission.READ_EXTERNAL_STORAGE" />
12-->src\main\AndroidManifest.xml:5:5-80
12-->src\main\AndroidManifest.xml:5:22-77
13    <uses-permission android:name="android.permission.WRITE_EXTERNAL_STORAGE" />
13-->src\main\AndroidManifest.xml:6:5-81
13-->src\main\AndroidManifest.xml:6:22-78
14    <uses-permission android:name="android.permission.SYSTEM_ALERT_WINDOW" />
14-->src\main\AndroidManifest.xml:7:5-78
14-->src\main\AndroidManifest.xml:7:22-75
15    <uses-permission android:name="android.permission.FOREGROUND_SERVICE" />
15-->src\main\AndroidManifest.xml:8:5-77
15-->src\main\AndroidManifest.xml:8:22-74
16    <uses-permission android:name="android.permission.FOREGROUND_SERVICE_MEDIA_PROJECTION" />
16-->src\main\AndroidManifest.xml:9:5-94
16-->src\main\AndroidManifest.xml:9:22-91
17    <uses-permission android:name="android.permission.POST_NOTIFICATIONS" />
17-->src\main\AndroidManifest.xml:10:5-77
17-->src\main\AndroidManifest.xml:10:22-74
18
19    <queries>
19-->src\main\AndroidManifest.xml:12:5-14:15
20        <package android:name="com.touchsprite.android" />
20-->src\main\AndroidManifest.xml:13:9-59
20-->src\main\AndroidManifest.xml:13:18-56
21    </queries>
22
23    <permission
23-->[androidx.core:core:1.9.0] AndroidManifest.xml:22:5-24:47
24        android:name="com.iceflow.roclicktaq.DYNAMIC_RECEIVER_NOT_EXPORTED_PERMISSION"
24-->[androidx.core:core:1.9.0] AndroidManifest.xml:23:9-81
25        android:protectionLevel="signature" />
25-->[androidx.core:core:1.9.0] AndroidManifest.xml:24:9-44
26
27    <uses-permission android:name="com.iceflow.roclicktaq.DYNAMIC_RECEIVER_NOT_EXPORTED_PERMISSION" />
27-->[androidx.core:core:1.9.0] AndroidManifest.xml:26:5-97
27-->[androidx.core:core:1.9.0] AndroidManifest.xml:26:22-94
28
29    <application
29-->src\main\AndroidManifest.xml:16:5-77:19
30        android:name="com.iceflow.roclicktaq.App"
30-->src\main\AndroidManifest.xml:17:9-28
31        android:allowBackup="true"
31-->src\main\AndroidManifest.xml:18:9-35
32        android:appComponentFactory="androidx.core.app.CoreComponentFactory"
32-->[androidx.core:core:1.9.0] AndroidManifest.xml:28:18-86
33        android:debuggable="true"
34        android:extractNativeLibs="false"
35        android:label="ROClickTAQ"
35-->src\main\AndroidManifest.xml:19:9-35
36        android:theme="@style/Theme.MaterialComponents.DayNight.NoActionBar" >
36-->src\main\AndroidManifest.xml:20:9-77
37        <service
37-->src\main\AndroidManifest.xml:22:9-32:19
38            android:name="com.iceflow.roclicktaq.run.ActionService"
38-->src\main\AndroidManifest.xml:23:13-46
39            android:exported="false"
39-->src\main\AndroidManifest.xml:25:13-37
40            android:permission="android.permission.BIND_ACCESSIBILITY_SERVICE" >
40-->src\main\AndroidManifest.xml:24:13-79
41            <intent-filter>
41-->src\main\AndroidManifest.xml:26:13-28:29
42                <action android:name="android.accessibilityservice.AccessibilityService" />
42-->src\main\AndroidManifest.xml:27:17-92
42-->src\main\AndroidManifest.xml:27:25-89
43            </intent-filter>
44
45            <meta-data
45-->src\main\AndroidManifest.xml:29:13-31:72
46                android:name="android.accessibilityservice"
46-->src\main\AndroidManifest.xml:30:17-60
47                android:resource="@xml/accessibility_service_config" />
47-->src\main\AndroidManifest.xml:31:17-69
48        </service>
49        <service
49-->src\main\AndroidManifest.xml:34:9-36:40
50            android:name="com.iceflow.roclicktaq.overlay.OverlayService"
50-->src\main\AndroidManifest.xml:35:13-51
51            android:exported="false" />
51-->src\main\AndroidManifest.xml:36:13-37
52        <service
52-->src\main\AndroidManifest.xml:37:9-39:40
53            android:name="com.iceflow.roclicktaq.overlay.AimOverlayService"
53-->src\main\AndroidManifest.xml:38:13-54
54            android:exported="false" />
54-->src\main\AndroidManifest.xml:39:13-37
55        <service
55-->src\main\AndroidManifest.xml:40:9-42:40
56            android:name="com.iceflow.roclicktaq.overlay.AimOverlayServiceBlack"
56-->src\main\AndroidManifest.xml:41:13-59
57            android:exported="false" />
57-->src\main\AndroidManifest.xml:42:13-37
58        <service
58-->src\main\AndroidManifest.xml:43:9-45:40
59            android:name="com.iceflow.roclicktaq.overlay.AimOverlayServiceRed"
59-->src\main\AndroidManifest.xml:44:13-57
60            android:exported="false" />
60-->src\main\AndroidManifest.xml:45:13-37
61
62        <activity
62-->src\main\AndroidManifest.xml:47:9-54:20
63            android:name="com.iceflow.roclicktaq.ui.MainActivity"
63-->src\main\AndroidManifest.xml:48:13-44
64            android:exported="true" >
64-->src\main\AndroidManifest.xml:49:13-36
65            <intent-filter>
65-->src\main\AndroidManifest.xml:50:13-53:29
66                <action android:name="android.intent.action.MAIN" />
66-->src\main\AndroidManifest.xml:51:17-69
66-->src\main\AndroidManifest.xml:51:25-66
67
68                <category android:name="android.intent.category.LAUNCHER" />
68-->src\main\AndroidManifest.xml:52:17-77
68-->src\main\AndroidManifest.xml:52:27-74
69            </intent-filter>
70        </activity>
71        <activity
71-->src\main\AndroidManifest.xml:55:9-57:40
72            android:name="com.iceflow.roclicktaq.ui.SettingsActivity"
72-->src\main\AndroidManifest.xml:56:13-48
73            android:exported="false" />
73-->src\main\AndroidManifest.xml:57:13-37
74        <activity
74-->src\main\AndroidManifest.xml:58:9-60:40
75            android:name="com.iceflow.roclicktaq.ui.LogsActivity"
75-->src\main\AndroidManifest.xml:59:13-44
76            android:exported="false" />
76-->src\main\AndroidManifest.xml:60:13-37
77        <activity
77-->src\main\AndroidManifest.xml:61:9-66:75
78            android:name="com.iceflow.roclicktaq.ui.CapturePermissionActivity"
78-->src\main\AndroidManifest.xml:62:13-57
79            android:excludeFromRecents="true"
79-->src\main\AndroidManifest.xml:65:13-46
80            android:exported="true"
80-->src\main\AndroidManifest.xml:63:13-36
81            android:noHistory="true"
81-->src\main\AndroidManifest.xml:64:13-37
82            android:theme="@android:style/Theme.Translucent.NoTitleBar" />
82-->src\main\AndroidManifest.xml:66:13-72
83        <activity
83-->src\main\AndroidManifest.xml:67:9-72:75
84            android:name="com.iceflow.roclicktaq.ui.PermissionStarterActivity"
84-->src\main\AndroidManifest.xml:68:13-57
85            android:excludeFromRecents="true"
85-->src\main\AndroidManifest.xml:71:13-46
86            android:exported="true"
86-->src\main\AndroidManifest.xml:69:13-36
87            android:noHistory="true"
87-->src\main\AndroidManifest.xml:70:13-37
88            android:theme="@android:style/Theme.Translucent.NoTitleBar" />
88-->src\main\AndroidManifest.xml:72:13-72
89
90        <service
90-->src\main\AndroidManifest.xml:73:9-76:63
91            android:name="com.iceflow.roclicktaq.run.ForegroundCaptureService"
91-->src\main\AndroidManifest.xml:74:13-57
92            android:exported="false"
92-->src\main\AndroidManifest.xml:75:13-37
93            android:foregroundServiceType="mediaProjection" />
93-->src\main\AndroidManifest.xml:76:13-60
94
95        <provider
95-->[androidx.emoji2:emoji2:1.2.0] AndroidManifest.xml:24:9-32:20
96            android:name="androidx.startup.InitializationProvider"
96-->[androidx.emoji2:emoji2:1.2.0] AndroidManifest.xml:25:13-67
97            android:authorities="com.iceflow.roclicktaq.androidx-startup"
97-->[androidx.emoji2:emoji2:1.2.0] AndroidManifest.xml:26:13-68
98            android:exported="false" >
98-->[androidx.emoji2:emoji2:1.2.0] AndroidManifest.xml:27:13-37
99            <meta-data
99-->[androidx.emoji2:emoji2:1.2.0] AndroidManifest.xml:29:13-31:52
100                android:name="androidx.emoji2.text.EmojiCompatInitializer"
100-->[androidx.emoji2:emoji2:1.2.0] AndroidManifest.xml:30:17-75
101                android:value="androidx.startup" />
101-->[androidx.emoji2:emoji2:1.2.0] AndroidManifest.xml:31:17-49
102            <meta-data
102-->[androidx.lifecycle:lifecycle-process:2.6.1] AndroidManifest.xml:29:13-31:52
103                android:name="androidx.lifecycle.ProcessLifecycleInitializer"
103-->[androidx.lifecycle:lifecycle-process:2.6.1] AndroidManifest.xml:30:17-78
104                android:value="androidx.startup" />
104-->[androidx.lifecycle:lifecycle-process:2.6.1] AndroidManifest.xml:31:17-49
105            <meta-data
105-->[androidx.profileinstaller:profileinstaller:1.3.0] AndroidManifest.xml:29:13-31:52
106                android:name="androidx.profileinstaller.ProfileInstallerInitializer"
106-->[androidx.profileinstaller:profileinstaller:1.3.0] AndroidManifest.xml:30:17-85
107                android:value="androidx.startup" />
107-->[androidx.profileinstaller:profileinstaller:1.3.0] AndroidManifest.xml:31:17-49
108        </provider>
109
110        <receiver
110-->[androidx.profileinstaller:profileinstaller:1.3.0] AndroidManifest.xml:34:9-52:20
111            android:name="androidx.profileinstaller.ProfileInstallReceiver"
111-->[androidx.profileinstaller:profileinstaller:1.3.0] AndroidManifest.xml:35:13-76
112            android:directBootAware="false"
112-->[androidx.profileinstaller:profileinstaller:1.3.0] AndroidManifest.xml:36:13-44
113            android:enabled="true"
113-->[androidx.profileinstaller:profileinstaller:1.3.0] AndroidManifest.xml:37:13-35
114            android:exported="true"
114-->[androidx.profileinstaller:profileinstaller:1.3.0] AndroidManifest.xml:38:13-36
115            android:permission="android.permission.DUMP" >
115-->[androidx.profileinstaller:profileinstaller:1.3.0] AndroidManifest.xml:39:13-57
116            <intent-filter>
116-->[androidx.profileinstaller:profileinstaller:1.3.0] AndroidManifest.xml:40:13-42:29
117                <action android:name="androidx.profileinstaller.action.INSTALL_PROFILE" />
117-->[androidx.profileinstaller:profileinstaller:1.3.0] AndroidManifest.xml:41:17-91
117-->[androidx.profileinstaller:profileinstaller:1.3.0] AndroidManifest.xml:41:25-88
118            </intent-filter>
119            <intent-filter>
119-->[androidx.profileinstaller:profileinstaller:1.3.0] AndroidManifest.xml:43:13-45:29
120                <action android:name="androidx.profileinstaller.action.SKIP_FILE" />
120-->[androidx.profileinstaller:profileinstaller:1.3.0] AndroidManifest.xml:44:17-85
120-->[androidx.profileinstaller:profileinstaller:1.3.0] AndroidManifest.xml:44:25-82
121            </intent-filter>
122            <intent-filter>
122-->[androidx.profileinstaller:profileinstaller:1.3.0] AndroidManifest.xml:46:13-48:29
123                <action android:name="androidx.profileinstaller.action.SAVE_PROFILE" />
123-->[androidx.profileinstaller:profileinstaller:1.3.0] AndroidManifest.xml:47:17-88
123-->[androidx.profileinstaller:profileinstaller:1.3.0] AndroidManifest.xml:47:25-85
124            </intent-filter>
125            <intent-filter>
125-->[androidx.profileinstaller:profileinstaller:1.3.0] AndroidManifest.xml:49:13-51:29
126                <action android:name="androidx.profileinstaller.action.BENCHMARK_OPERATION" />
126-->[androidx.profileinstaller:profileinstaller:1.3.0] AndroidManifest.xml:50:17-95
126-->[androidx.profileinstaller:profileinstaller:1.3.0] AndroidManifest.xml:50:25-92
127            </intent-filter>
128        </receiver>
129    </application>
130
131</manifest>